<?xml version="1.0" encoding="UTF-8"?>
<!-- Generated by org.testng.reporters.JUnitXMLReporter -->
<testsuite ignored="0" hostname="SUBHARAJAT" failures="0" tests="4" name="Default test" time="0.683" errors="0" timestamp="2024-03-03T19:55:50 CET">
  <testcase classname="tests.Negative_Test_Cases" name="enterAnEmptyTask" time="0.119"/>
  <testcase classname="tests.Negative_Test_Cases" name="enterTasklessThanMinAllowedChar" time="0.256"/>
  <testcase classname="tests.Negative_Test_Cases" name="verifyCompletedTasksInActiveTaskList" time="0.109"/>
  <testcase classname="tests.Negative_Test_Cases" name="VerifyActiveTasksInCompletedTaskList" time="0.011"/>
</testsuite> <!-- Default test -->
