<?xml version="1.0" encoding="UTF-8"?>
<!-- Generated by org.testng.reporters.JUnitXMLReporter -->
<testsuite ignored="0" hostname="SUBHARAJAT" failures="0" tests="4" name="Negative Tests" time="0.35" errors="0" timestamp="2024-03-03T20:05:57 CET">
  <testcase classname="tests.Negative_Test_Cases" name="enterAnEmptyTask" time="0.054"/>
  <testcase classname="tests.Negative_Test_Cases" name="verifyCompletedTasksInActiveTaskList" time="0.115"/>
  <testcase classname="tests.Negative_Test_Cases" name="enterTasklessThanMinAllowedChar" time="0.186"/>
  <testcase classname="tests.Negative_Test_Cases" name="VerifyActiveTasksInCompletedTaskList" time="0.022"/>
</testsuite> <!-- Negative Tests -->
