<?xml version="1.0" encoding="UTF-8"?>
<testsuite xmlns:xsi="http://www.w3.org/2001/XMLSchema-instance" xsi:noNamespaceSchemaLocation="https://maven.apache.org/surefire/maven-surefire-plugin/xsd/surefire-test-report-3.0.xsd" version="3.0" name="TestSuite" time="7.68" tests="9" errors="0" skipped="0" failures="0">
  <properties>
[...]
</properties>
  <testcase name="createANewTask" classname="tests.Positive_Test_Cases" time="0.121">
    <system-err><![CDATA[SLF4J: Failed to load class "org.slf4j.impl.StaticLoggerBinder".
SLF4J: Defaulting to no-operation (NOP) logger implementation
SLF4J: See http://www.slf4j.org/codes.html#StaticLoggerBinder for further details.
Mar 03, 2024 11:25:02 PM org.openqa.selenium.devtools.CdpVersionFinder findNearestMatch
WARNING: Unable to find an exact match for CDP version 122, returning the closest version; found: 121; Please update to a Selenium version that supports CDP version 122
Mar 03, 2024 11:25:04 PM org.openqa.selenium.devtools.CdpVersionFinder findNearestMatch
WARNING: Unable to find an exact match for CDP version 122, returning the closest version; found: 121; Please update to a Selenium version that supports CDP version 122
]]></system-err>
  </testcase>
  <testcase name="editExistingTask" classname="tests.Positive_Test_Cases" time="0.194">
    <system-out><![CDATA[test
test1
]]></system-out>
  </testcase>
  <testcase name="MarkSingleTaskCompleted" classname="tests.Positive_Test_Cases" time="0.18"/>
  <testcase name="MarkALLTaskCompleted" classname="tests.Positive_Test_Cases" time="0.035"/>
  <testcase name="DeleteATask" classname="tests.Positive_Test_Cases" time="0.192"/>
  <testcase name="enterAnEmptyTask" classname="tests.Negative_Test_Cases" time="0.025"/>
  <testcase name="enterTasklessThanMinAllowedChar" classname="tests.Negative_Test_Cases" time="0.073">
    <system-out><![CDATA[test
test1
]]></system-out>
  </testcase>
  <testcase name="verifyCompletedTasksInActiveTaskList" classname="tests.Negative_Test_Cases" time="0.06">
    <system-out><![CDATA[it is a new task
it is a new task
]]></system-out>
  </testcase>
  <testcase name="VerifyActiveTasksInCompletedTaskList" classname="tests.Negative_Test_Cases" time="0.009"/>
</testsuite>