<?xml version="1.0" encoding="UTF-8"?>
<!-- Generated by org.testng.reporters.JUnitXMLReporter -->
<testsuite ignored="0" hostname="SUBHARAJAT" failures="0" tests="9" name="Tests" time="1.336" errors="0" timestamp="2024-03-03T20:09:52 CET">
  <testcase classname="tests.Positive_Test_Cases" name="createANewTask" time="0.134"/>
  <testcase classname="tests.Positive_Test_Cases" name="editExistingTask" time="0.252"/>
  <testcase classname="tests.Positive_Test_Cases" name="MarkSingleTaskCompleted" time="0.253"/>
  <testcase classname="tests.Positive_Test_Cases" name="MarkALLTaskCompleted" time="0.063"/>
  <testcase classname="tests.Positive_Test_Cases" name="DeleteATask" time="0.195"/>
  <testcase classname="tests.Negative_Test_Cases" name="enterAnEmptyTask" time="0.038"/>
  <testcase classname="tests.Negative_Test_Cases" name="enterTasklessThanMinAllowedChar" time="0.068"/>
  <testcase classname="tests.Negative_Test_Cases" name="verifyCompletedTasksInActiveTaskList" time="0.065"/>
  <testcase classname="tests.Negative_Test_Cases" name="VerifyActiveTasksInCompletedTaskList" time="0.008"/>
</testsuite> <!-- Tests -->
