<?xml version="1.0" encoding="UTF-8"?>
<!-- Generated by org.testng.reporters.JUnitXMLReporter -->
<testsuite ignored="0" hostname="SUBHARAJAT" failures="0" tests="4" name="NegativeTests" time="0.769" errors="0" timestamp="2024-03-03T23:25:08 CET">
  <testcase classname="tests.Negative_Test_Cases" name="enterAnEmptyTask" time="0.025"/>
  <testcase classname="tests.Negative_Test_Cases" name="enterTasklessThanMinAllowedChar" time="0.071"/>
  <testcase classname="tests.Negative_Test_Cases" name="verifyCompletedTasksInActiveTaskList" time="0.06"/>
  <testcase classname="tests.Negative_Test_Cases" name="VerifyActiveTasksInCompletedTaskList" time="0.011"/>
</testsuite> <!-- NegativeTests -->
