<?xml version="1.0" encoding="UTF-8"?>
<!-- Generated by org.testng.reporters.JUnitXMLReporter -->
<testsuite ignored="0" hostname="SUBHARAJAT" failures="0" tests="5" name="Tests" time="2.067" errors="0" timestamp="2024-03-03T21:18:09 CET">
  <testcase classname="tests.Positive_Test_Cases" name="createANewTask" time="0.169"/>
  <testcase classname="tests.Positive_Test_Cases" name="editExistingTask" time="0.254"/>
  <testcase classname="tests.Positive_Test_Cases" name="MarkSingleTaskCompleted" time="0.231"/>
  <testcase classname="tests.Positive_Test_Cases" name="MarkALLTaskCompleted" time="0.093"/>
  <testcase classname="tests.Positive_Test_Cases" name="DeleteATask" time="0.287"/>
</testsuite> <!-- Tests -->
